2024-12-02 02:01:20 - INFO - Obtendo a URL direta do PDF: https://drive.google.com/file/d/13UhN1HXF5HUby5RSC4eYZaWHik0olsZc/view?usp=drive_link
2024-12-02 02:01:20 - INFO - Baixando PDF da URL: https://drive.google.com/uc?export=download&id=13UhN1HXF5HUby5RSC4eYZaWHik0olsZc
2024-12-02 02:01:24 - INFO - Tamanho do PDF: 5.94 MB
2024-12-02 02:01:24 - INFO - PDF aberto com sucesso. Total de p·ginas: 112
2024-12-02 02:01:24 - INFO - Processando p·gina 1...
2024-12-02 02:01:24 - INFO - Processando p·gina 2...
2024-12-02 02:01:24 - INFO - Processando p·gina 3...
2024-12-02 02:01:24 - INFO - Processando p·gina 4...
2024-12-02 02:01:24 - INFO - Processando p·gina 5...
2024-12-02 02:01:25 - INFO - Processando p·gina 6...
2024-12-02 02:01:25 - INFO - Processando p·gina 7...
2024-12-02 02:01:25 - INFO - Processando p·gina 8...
2024-12-02 02:01:26 - INFO - Processando p·gina 9...
2024-12-02 02:01:26 - INFO - Processando p·gina 10...
2024-12-02 02:01:26 - INFO - Processando p·gina 11...
2024-12-02 02:01:26 - INFO - Processando p·gina 12...
2024-12-02 02:01:26 - INFO - Processando p·gina 13...
2024-12-02 02:01:26 - INFO - Processando p·gina 14...
2024-12-02 02:01:26 - INFO - Processando p·gina 15...
2024-12-02 02:01:27 - INFO - Processando p·gina 16...
2024-12-02 02:01:27 - INFO - Processando p·gina 17...
2024-12-02 02:01:27 - INFO - Processando p·gina 18...
2024-12-02 02:01:27 - INFO - Processando p·gina 19...
2024-12-02 02:01:28 - INFO - Processando p·gina 20...
2024-12-02 02:01:28 - INFO - Processando p·gina 21...
2024-12-02 02:01:28 - INFO - Processando p·gina 22...
2024-12-02 02:01:28 - INFO - Processando p·gina 23...
2024-12-02 02:01:29 - INFO - Processando p·gina 24...
2024-12-02 02:01:29 - INFO - Processando p·gina 25...
2024-12-02 02:01:29 - INFO - Processando p·gina 26...
2024-12-02 02:01:29 - INFO - Processando p·gina 27...
2024-12-02 02:01:29 - INFO - Processando p·gina 28...
2024-12-02 02:01:29 - INFO - Processando p·gina 29...
2024-12-02 02:01:29 - INFO - Processando p·gina 30...
2024-12-02 02:01:30 - INFO - Processando p·gina 31...
2024-12-02 02:01:30 - INFO - Processando p·gina 32...
2024-12-02 02:01:30 - INFO - Processando p·gina 33...
2024-12-02 02:01:30 - INFO - Processando p·gina 34...
2024-12-02 02:01:30 - INFO - Processando p·gina 35...
2024-12-02 02:01:30 - INFO - Processando p·gina 36...
2024-12-02 02:01:31 - INFO - Processando p·gina 37...
2024-12-02 02:01:31 - INFO - Processando p·gina 38...
2024-12-02 02:01:31 - INFO - Processando p·gina 39...
2024-12-02 02:01:31 - INFO - Processando p·gina 40...
2024-12-02 02:01:31 - INFO - Processando p·gina 41...
2024-12-02 02:01:32 - INFO - Processando p·gina 42...
2024-12-02 02:01:32 - INFO - Processando p·gina 43...
2024-12-02 02:01:32 - INFO - Processando p·gina 44...
2024-12-02 02:01:33 - INFO - Processando p·gina 45...
2024-12-02 02:01:33 - INFO - Processando p·gina 46...
2024-12-02 02:01:33 - INFO - Processando p·gina 47...
2024-12-02 02:01:34 - INFO - Processando p·gina 48...
2024-12-02 02:01:34 - INFO - Processando p·gina 49...
2024-12-02 02:01:34 - INFO - Processando p·gina 50...
2024-12-02 02:01:35 - INFO - Processando p·gina 51...
2024-12-02 02:01:35 - INFO - Processando p·gina 52...
2024-12-02 02:01:35 - INFO - Processando p·gina 53...
2024-12-02 02:01:35 - INFO - Processando p·gina 54...
2024-12-02 02:01:36 - INFO - Processando p·gina 55...
2024-12-02 02:01:36 - INFO - Processando p·gina 56...
2024-12-02 02:01:36 - INFO - Processando p·gina 57...
2024-12-02 02:01:36 - INFO - Processando p·gina 58...
2024-12-02 02:01:37 - INFO - Processando p·gina 59...
2024-12-02 02:01:37 - INFO - Processando p·gina 60...
2024-12-02 02:01:37 - INFO - Processando p·gina 61...
2024-12-02 02:01:38 - INFO - Processando p·gina 62...
2024-12-02 02:01:38 - INFO - Processando p·gina 63...
2024-12-02 02:01:38 - INFO - Processando p·gina 64...
2024-12-02 02:01:38 - INFO - Processando p·gina 65...
2024-12-02 02:01:39 - INFO - Processando p·gina 66...
2024-12-02 02:01:39 - INFO - Processando p·gina 67...
2024-12-02 02:01:39 - INFO - Processando p·gina 68...
2024-12-02 02:01:39 - INFO - Processando p·gina 69...
2024-12-02 02:01:40 - INFO - Processando p·gina 70...
2024-12-02 02:01:40 - INFO - Processando p·gina 71...
2024-12-02 02:01:40 - INFO - Processando p·gina 72...
2024-12-02 02:01:41 - INFO - Processando p·gina 73...
2024-12-02 02:01:41 - INFO - Processando p·gina 74...
2024-12-02 02:01:42 - INFO - Processando p·gina 75...
2024-12-02 02:01:42 - INFO - Processando p·gina 76...
2024-12-02 02:01:43 - INFO - Processando p·gina 77...
2024-12-02 02:01:43 - INFO - Processando p·gina 78...
2024-12-02 02:01:44 - INFO - Processando p·gina 79...
2024-12-02 02:01:44 - INFO - Processando p·gina 80...
2024-12-02 02:01:44 - INFO - Processando p·gina 81...
2024-12-02 02:01:44 - INFO - Processando p·gina 82...
2024-12-02 02:01:45 - INFO - Processando p·gina 83...
2024-12-02 02:01:45 - INFO - Processando p·gina 84...
2024-12-02 02:01:45 - INFO - Processando p·gina 85...
2024-12-02 02:01:45 - INFO - Processando p·gina 86...
2024-12-02 02:01:46 - INFO - Processando p·gina 87...
2024-12-02 02:01:46 - INFO - Processando p·gina 88...
2024-12-02 02:01:46 - INFO - Processando p·gina 89...
2024-12-02 02:01:46 - INFO - Processando p·gina 90...
2024-12-02 02:01:47 - INFO - Processando p·gina 91...
2024-12-02 02:01:47 - INFO - Processando p·gina 92...
2024-12-02 02:01:47 - INFO - Processando p·gina 93...
2024-12-02 02:01:47 - INFO - Processando p·gina 94...
2024-12-02 02:01:48 - INFO - Processando p·gina 95...
2024-12-02 02:01:48 - INFO - Processando p·gina 96...
2024-12-02 02:01:49 - INFO - Processando p·gina 97...
2024-12-02 02:01:50 - INFO - Processando p·gina 98...
2024-12-02 02:01:50 - INFO - Processando p·gina 99...
2024-12-02 02:01:51 - INFO - Processando p·gina 100...
2024-12-02 02:01:51 - INFO - Processando p·gina 101...
2024-12-02 02:01:51 - INFO - Processando p·gina 102...
2024-12-02 02:01:52 - INFO - Processando p·gina 103...
2024-12-02 02:01:52 - INFO - Processando p·gina 104...
2024-12-02 02:01:53 - INFO - Processando p·gina 105...
2024-12-02 02:01:53 - INFO - Processando p·gina 106...
2024-12-02 02:01:54 - INFO - Processando p·gina 107...
2024-12-02 02:01:54 - INFO - Processando p·gina 108...
2024-12-02 02:01:55 - INFO - Processando p·gina 109...
2024-12-02 02:01:55 - INFO - Processando p·gina 110...
2024-12-02 02:01:55 - INFO - Processando p·gina 111...
2024-12-02 02:01:55 - INFO - Processando p·gina 112...
2024-12-02 02:01:56 - INFO - Processamento do PDF concluÌdo com sucesso.
2024-12-02 02:01:56 - INFO - Texto extraÌdo e salvo com sucesso no arquivo: output.txt
2024-12-02 02:01:56 - INFO - Iniciando processamento do texto.
2024-12-02 02:01:56 - INFO - N˙mero inicial de par·grafos extraÌdos: 987
2024-12-02 02:01:56 - INFO - Total de chunks criados: 986
2024-12-02 02:03:48 - INFO - Obtendo a URL direta do PDF: https://drive.google.com/file/d/13UhN1HXF5HUby5RSC4eYZaWHik0olsZc/view?usp=drive_link
2024-12-02 02:03:48 - INFO - Baixando PDF da URL: https://drive.google.com/uc?export=download&id=13UhN1HXF5HUby5RSC4eYZaWHik0olsZc
2024-12-02 02:03:52 - INFO - Tamanho do PDF: 5.94 MB
2024-12-02 02:03:52 - INFO - PDF aberto com sucesso. Total de p·ginas: 112
2024-12-02 02:03:52 - INFO - Processando p·gina 1...
2024-12-02 02:03:52 - INFO - Processando p·gina 2...
2024-12-02 02:03:52 - INFO - Processando p·gina 3...
2024-12-02 02:03:52 - INFO - Processando p·gina 4...
2024-12-02 02:03:52 - INFO - Processando p·gina 5...
2024-12-02 02:03:53 - INFO - Processando p·gina 6...
2024-12-02 02:03:53 - INFO - Processando p·gina 7...
2024-12-02 02:03:53 - INFO - Processando p·gina 8...
2024-12-02 02:03:53 - INFO - Processando p·gina 9...
2024-12-02 02:03:54 - INFO - Processando p·gina 10...
2024-12-02 02:03:54 - INFO - Processando p·gina 11...
2024-12-02 02:03:54 - INFO - Processando p·gina 12...
2024-12-02 02:03:54 - INFO - Processando p·gina 13...
2024-12-02 02:03:54 - INFO - Processando p·gina 14...
2024-12-02 02:03:54 - INFO - Processando p·gina 15...
2024-12-02 02:03:55 - INFO - Processando p·gina 16...
2024-12-02 02:03:55 - INFO - Processando p·gina 17...
2024-12-02 02:03:55 - INFO - Processando p·gina 18...
2024-12-02 02:03:55 - INFO - Processando p·gina 19...
2024-12-02 02:03:55 - INFO - Processando p·gina 20...
2024-12-02 02:03:56 - INFO - Processando p·gina 21...
2024-12-02 02:03:56 - INFO - Processando p·gina 22...
2024-12-02 02:03:56 - INFO - Processando p·gina 23...
2024-12-02 02:03:57 - INFO - Processando p·gina 24...
2024-12-02 02:03:57 - INFO - Processando p·gina 25...
2024-12-02 02:03:57 - INFO - Processando p·gina 26...
2024-12-02 02:03:57 - INFO - Processando p·gina 27...
2024-12-02 02:03:57 - INFO - Processando p·gina 28...
2024-12-02 02:03:57 - INFO - Processando p·gina 29...
2024-12-02 02:03:58 - INFO - Processando p·gina 30...
2024-12-02 02:03:58 - INFO - Processando p·gina 31...
2024-12-02 02:03:58 - INFO - Processando p·gina 32...
2024-12-02 02:03:58 - INFO - Processando p·gina 33...
2024-12-02 02:03:58 - INFO - Processando p·gina 34...
2024-12-02 02:03:58 - INFO - Processando p·gina 35...
2024-12-02 02:03:59 - INFO - Processando p·gina 36...
2024-12-02 02:03:59 - INFO - Processando p·gina 37...
2024-12-02 02:03:59 - INFO - Processando p·gina 38...
2024-12-02 02:03:59 - INFO - Processando p·gina 39...
2024-12-02 02:03:59 - INFO - Processando p·gina 40...
2024-12-02 02:03:59 - INFO - Processando p·gina 41...
2024-12-02 02:04:00 - INFO - Processando p·gina 42...
2024-12-02 02:04:00 - INFO - Processando p·gina 43...
2024-12-02 02:04:00 - INFO - Processando p·gina 44...
2024-12-02 02:04:01 - INFO - Processando p·gina 45...
2024-12-02 02:04:01 - INFO - Processando p·gina 46...
2024-12-02 02:04:01 - INFO - Processando p·gina 47...
2024-12-02 02:04:02 - INFO - Processando p·gina 48...
2024-12-02 02:04:02 - INFO - Processando p·gina 49...
2024-12-02 02:04:02 - INFO - Processando p·gina 50...
2024-12-02 02:04:03 - INFO - Processando p·gina 51...
2024-12-02 02:04:03 - INFO - Processando p·gina 52...
2024-12-02 02:04:03 - INFO - Processando p·gina 53...
2024-12-02 02:04:04 - INFO - Processando p·gina 54...
2024-12-02 02:04:04 - INFO - Processando p·gina 55...
2024-12-02 02:04:04 - INFO - Processando p·gina 56...
2024-12-02 02:04:04 - INFO - Processando p·gina 57...
2024-12-02 02:04:05 - INFO - Processando p·gina 58...
2024-12-02 02:04:05 - INFO - Processando p·gina 59...
2024-12-02 02:04:05 - INFO - Processando p·gina 60...
2024-12-02 02:04:05 - INFO - Processando p·gina 61...
2024-12-02 02:04:06 - INFO - Processando p·gina 62...
2024-12-02 02:04:06 - INFO - Processando p·gina 63...
2024-12-02 02:04:06 - INFO - Processando p·gina 64...
2024-12-02 02:04:07 - INFO - Processando p·gina 65...
2024-12-02 02:04:07 - INFO - Processando p·gina 66...
2024-12-02 02:04:07 - INFO - Processando p·gina 67...
2024-12-02 02:04:07 - INFO - Processando p·gina 68...
2024-12-02 02:04:08 - INFO - Processando p·gina 69...
2024-12-02 02:04:08 - INFO - Processando p·gina 70...
2024-12-02 02:04:08 - INFO - Processando p·gina 71...
2024-12-02 02:04:09 - INFO - Processando p·gina 72...
2024-12-02 02:04:09 - INFO - Processando p·gina 73...
2024-12-02 02:04:10 - INFO - Processando p·gina 74...
2024-12-02 02:04:10 - INFO - Processando p·gina 75...
2024-12-02 02:04:10 - INFO - Processando p·gina 76...
2024-12-02 02:04:11 - INFO - Processando p·gina 77...
2024-12-02 02:04:11 - INFO - Processando p·gina 78...
2024-12-02 02:04:12 - INFO - Processando p·gina 79...
2024-12-02 02:04:12 - INFO - Processando p·gina 80...
2024-12-02 02:04:12 - INFO - Processando p·gina 81...
2024-12-02 02:04:13 - INFO - Processando p·gina 82...
2024-12-02 02:04:13 - INFO - Processando p·gina 83...
2024-12-02 02:04:13 - INFO - Processando p·gina 84...
2024-12-02 02:04:13 - INFO - Processando p·gina 85...
2024-12-02 02:04:14 - INFO - Processando p·gina 86...
2024-12-02 02:04:14 - INFO - Processando p·gina 87...
2024-12-02 02:04:14 - INFO - Processando p·gina 88...
2024-12-02 02:04:14 - INFO - Processando p·gina 89...
2024-12-02 02:04:14 - INFO - Processando p·gina 90...
2024-12-02 02:04:15 - INFO - Processando p·gina 91...
2024-12-02 02:04:15 - INFO - Processando p·gina 92...
2024-12-02 02:04:15 - INFO - Processando p·gina 93...
2024-12-02 02:04:16 - INFO - Processando p·gina 94...
2024-12-02 02:04:16 - INFO - Processando p·gina 95...
2024-12-02 02:04:16 - INFO - Processando p·gina 96...
2024-12-02 02:04:17 - INFO - Processando p·gina 97...
2024-12-02 02:04:18 - INFO - Processando p·gina 98...
2024-12-02 02:04:18 - INFO - Processando p·gina 99...
2024-12-02 02:04:19 - INFO - Processando p·gina 100...
2024-12-02 02:04:19 - INFO - Processando p·gina 101...
2024-12-02 02:04:19 - INFO - Processando p·gina 102...
2024-12-02 02:04:20 - INFO - Processando p·gina 103...
2024-12-02 02:04:21 - INFO - Processando p·gina 104...
2024-12-02 02:04:21 - INFO - Processando p·gina 105...
2024-12-02 02:04:22 - INFO - Processando p·gina 106...
2024-12-02 02:04:22 - INFO - Processando p·gina 107...
2024-12-02 02:04:22 - INFO - Processando p·gina 108...
2024-12-02 02:04:23 - INFO - Processando p·gina 109...
2024-12-02 02:04:23 - INFO - Processando p·gina 110...
2024-12-02 02:04:23 - INFO - Processando p·gina 111...
2024-12-02 02:04:23 - INFO - Processando p·gina 112...
2024-12-02 02:04:24 - INFO - Processamento do PDF concluÌdo com sucesso.
2024-12-02 02:04:24 - INFO - Texto extraÌdo e salvo com sucesso no arquivo: output.txt
2024-12-02 02:04:24 - INFO - Iniciando processamento do texto.
2024-12-02 02:04:24 - INFO - N˙mero inicial de par·grafos extraÌdos: 987
2024-12-02 02:04:24 - INFO - Total de chunks criados: 986
2024-12-02 02:13:18 - INFO - Obtendo a URL direta do PDF: https://drive.google.com/file/d/13UhN1HXF5HUby5RSC4eYZaWHik0olsZc/view?usp=drive_link
2024-12-02 02:13:18 - INFO - Baixando PDF da URL: https://drive.google.com/uc?export=download&id=13UhN1HXF5HUby5RSC4eYZaWHik0olsZc
2024-12-02 02:13:23 - INFO - Tamanho do PDF: 5.94 MB
2024-12-02 02:13:23 - INFO - PDF aberto com sucesso. Total de p·ginas: 112
2024-12-02 02:13:23 - INFO - Processando p·gina 1...
2024-12-02 02:13:23 - INFO - Processando p·gina 2...
2024-12-02 02:13:23 - INFO - Processando p·gina 3...
2024-12-02 02:13:24 - INFO - Processando p·gina 4...
2024-12-02 02:13:24 - INFO - Processando p·gina 5...
2024-12-02 02:13:24 - INFO - Processando p·gina 6...
2024-12-02 02:13:25 - INFO - Processando p·gina 7...
2024-12-02 02:13:25 - INFO - Processando p·gina 8...
2024-12-02 02:13:25 - INFO - Processando p·gina 9...
2024-12-02 02:13:25 - INFO - Processando p·gina 10...
2024-12-02 02:13:25 - INFO - Processando p·gina 11...
2024-12-02 02:13:25 - INFO - Processando p·gina 12...
2024-12-02 02:13:25 - INFO - Processando p·gina 13...
2024-12-02 02:13:25 - INFO - Processando p·gina 14...
2024-12-02 02:13:26 - INFO - Processando p·gina 15...
2024-12-02 02:13:26 - INFO - Processando p·gina 16...
2024-12-02 02:13:26 - INFO - Processando p·gina 17...
2024-12-02 02:13:26 - INFO - Processando p·gina 18...
2024-12-02 02:13:27 - INFO - Processando p·gina 19...
2024-12-02 02:13:27 - INFO - Processando p·gina 20...
2024-12-02 02:13:27 - INFO - Processando p·gina 21...
2024-12-02 02:13:27 - INFO - Processando p·gina 22...
2024-12-02 02:13:28 - INFO - Processando p·gina 23...
2024-12-02 02:13:28 - INFO - Processando p·gina 24...
2024-12-02 02:13:28 - INFO - Processando p·gina 25...
2024-12-02 02:13:28 - INFO - Processando p·gina 26...
2024-12-02 02:13:28 - INFO - Processando p·gina 27...
2024-12-02 02:13:29 - INFO - Processando p·gina 28...
2024-12-02 02:13:29 - INFO - Processando p·gina 29...
2024-12-02 02:13:29 - INFO - Processando p·gina 30...
2024-12-02 02:13:29 - INFO - Processando p·gina 31...
2024-12-02 02:13:29 - INFO - Processando p·gina 32...
2024-12-02 02:13:29 - INFO - Processando p·gina 33...
2024-12-02 02:13:29 - INFO - Processando p·gina 34...
2024-12-02 02:13:30 - INFO - Processando p·gina 35...
2024-12-02 02:13:30 - INFO - Processando p·gina 36...
2024-12-02 02:13:30 - INFO - Processando p·gina 37...
2024-12-02 02:13:30 - INFO - Processando p·gina 38...
2024-12-02 02:13:30 - INFO - Processando p·gina 39...
2024-12-02 02:13:31 - INFO - Processando p·gina 40...
2024-12-02 02:13:31 - INFO - Processando p·gina 41...
2024-12-02 02:13:31 - INFO - Processando p·gina 42...
2024-12-02 02:13:31 - INFO - Processando p·gina 43...
2024-12-02 02:13:32 - INFO - Processando p·gina 44...
2024-12-02 02:13:32 - INFO - Processando p·gina 45...
2024-12-02 02:13:32 - INFO - Processando p·gina 46...
2024-12-02 02:13:33 - INFO - Processando p·gina 47...
2024-12-02 02:13:33 - INFO - Processando p·gina 48...
2024-12-02 02:13:33 - INFO - Processando p·gina 49...
2024-12-02 02:13:34 - INFO - Processando p·gina 50...
2024-12-02 02:13:34 - INFO - Processando p·gina 51...
2024-12-02 02:13:34 - INFO - Processando p·gina 52...
2024-12-02 02:13:34 - INFO - Processando p·gina 53...
2024-12-02 02:13:35 - INFO - Processando p·gina 54...
2024-12-02 02:13:35 - INFO - Processando p·gina 55...
2024-12-02 02:13:35 - INFO - Processando p·gina 56...
2024-12-02 02:13:36 - INFO - Processando p·gina 57...
2024-12-02 02:13:36 - INFO - Processando p·gina 58...
2024-12-02 02:13:36 - INFO - Processando p·gina 59...
2024-12-02 02:13:36 - INFO - Processando p·gina 60...
2024-12-02 02:13:37 - INFO - Processando p·gina 61...
2024-12-02 02:13:37 - INFO - Processando p·gina 62...
2024-12-02 02:13:37 - INFO - Processando p·gina 63...
2024-12-02 02:13:38 - INFO - Processando p·gina 64...
2024-12-02 02:13:38 - INFO - Processando p·gina 65...
2024-12-02 02:13:38 - INFO - Processando p·gina 66...
2024-12-02 02:13:38 - INFO - Processando p·gina 67...
2024-12-02 02:13:39 - INFO - Processando p·gina 68...
2024-12-02 02:13:39 - INFO - Processando p·gina 69...
2024-12-02 02:13:39 - INFO - Processando p·gina 70...
2024-12-02 02:13:40 - INFO - Processando p·gina 71...
2024-12-02 02:13:40 - INFO - Processando p·gina 72...
2024-12-02 02:13:40 - INFO - Processando p·gina 73...
2024-12-02 02:13:41 - INFO - Processando p·gina 74...
2024-12-02 02:13:41 - INFO - Processando p·gina 75...
2024-12-02 02:13:42 - INFO - Processando p·gina 76...
2024-12-02 02:13:42 - INFO - Processando p·gina 77...
2024-12-02 02:13:43 - INFO - Processando p·gina 78...
2024-12-02 02:13:43 - INFO - Processando p·gina 79...
2024-12-02 02:13:43 - INFO - Processando p·gina 80...
2024-12-02 02:13:44 - INFO - Processando p·gina 81...
2024-12-02 02:13:44 - INFO - Processando p·gina 82...
2024-12-02 02:13:44 - INFO - Processando p·gina 83...
2024-12-02 02:13:44 - INFO - Processando p·gina 84...
2024-12-02 02:13:45 - INFO - Processando p·gina 85...
2024-12-02 02:13:45 - INFO - Processando p·gina 86...
2024-12-02 02:13:45 - INFO - Processando p·gina 87...
2024-12-02 02:13:45 - INFO - Processando p·gina 88...
2024-12-02 02:13:46 - INFO - Processando p·gina 89...
2024-12-02 02:13:46 - INFO - Processando p·gina 90...
2024-12-02 02:13:46 - INFO - Processando p·gina 91...
2024-12-02 02:13:46 - INFO - Processando p·gina 92...
2024-12-02 02:13:47 - INFO - Processando p·gina 93...
2024-12-02 02:13:47 - INFO - Processando p·gina 94...
2024-12-02 02:13:47 - INFO - Processando p·gina 95...
2024-12-02 02:13:48 - INFO - Processando p·gina 96...
2024-12-02 02:13:48 - INFO - Processando p·gina 97...
2024-12-02 02:13:49 - INFO - Processando p·gina 98...
2024-12-02 02:13:50 - INFO - Processando p·gina 99...
2024-12-02 02:13:50 - INFO - Processando p·gina 100...
2024-12-02 02:13:50 - INFO - Processando p·gina 101...
2024-12-02 02:13:51 - INFO - Processando p·gina 102...
2024-12-02 02:13:52 - INFO - Processando p·gina 103...
2024-12-02 02:13:52 - INFO - Processando p·gina 104...
2024-12-02 02:13:53 - INFO - Processando p·gina 105...
2024-12-02 02:13:53 - INFO - Processando p·gina 106...
2024-12-02 02:13:53 - INFO - Processando p·gina 107...
2024-12-02 02:13:54 - INFO - Processando p·gina 108...
2024-12-02 02:13:54 - INFO - Processando p·gina 109...
2024-12-02 02:13:54 - INFO - Processando p·gina 110...
2024-12-02 02:13:55 - INFO - Processando p·gina 111...
2024-12-02 02:13:55 - INFO - Processando p·gina 112...
2024-12-02 02:13:55 - INFO - Processamento do PDF concluÌdo com sucesso.
2024-12-02 02:13:55 - INFO - Texto extraÌdo e salvo com sucesso no arquivo: output.txt
2024-12-02 02:13:55 - INFO - Iniciando processamento do texto.
2024-12-02 02:13:55 - INFO - N˙mero inicial de par·grafos extraÌdos: 987
2024-12-02 02:13:55 - INFO - Total de chunks criados: 986
2024-12-02 02:51:42 - INFO - Obtendo a URL direta do PDF: https://drive.google.com/file/d/13UhN1HXF5HUby5RSC4eYZaWHik0olsZc/view?usp=drive_link
2024-12-02 02:51:42 - INFO - Baixando PDF da URL: https://drive.google.com/uc?export=download&id=13UhN1HXF5HUby5RSC4eYZaWHik0olsZc
2024-12-02 02:51:46 - INFO - Tamanho do PDF: 5.94 MB
2024-12-02 02:51:47 - INFO - PDF aberto com sucesso. Total de p·ginas: 112
2024-12-02 02:51:47 - INFO - Processando p·gina 1...
2024-12-02 02:51:47 - INFO - Processando p·gina 2...
2024-12-02 02:51:47 - INFO - Processando p·gina 3...
2024-12-02 02:51:47 - INFO - Processando p·gina 4...
2024-12-02 02:51:47 - INFO - Processando p·gina 5...
2024-12-02 02:51:48 - INFO - Processando p·gina 6...
2024-12-02 02:51:48 - INFO - Processando p·gina 7...
2024-12-02 02:51:48 - INFO - Processando p·gina 8...
2024-12-02 02:51:48 - INFO - Processando p·gina 9...
2024-12-02 02:51:48 - INFO - Processando p·gina 10...
2024-12-02 02:51:49 - INFO - Processando p·gina 11...
2024-12-02 02:51:49 - INFO - Processando p·gina 12...
2024-12-02 02:51:49 - INFO - Processando p·gina 13...
2024-12-02 02:51:49 - INFO - Processando p·gina 14...
2024-12-02 02:51:49 - INFO - Processando p·gina 15...
2024-12-02 02:51:49 - INFO - Processando p·gina 16...
2024-12-02 02:51:50 - INFO - Processando p·gina 17...
2024-12-02 02:51:50 - INFO - Processando p·gina 18...
2024-12-02 02:51:50 - INFO - Processando p·gina 19...
2024-12-02 02:51:50 - INFO - Processando p·gina 20...
2024-12-02 02:51:51 - INFO - Processando p·gina 21...
2024-12-02 02:51:51 - INFO - Processando p·gina 22...
2024-12-02 02:51:51 - INFO - Processando p·gina 23...
2024-12-02 02:51:51 - INFO - Processando p·gina 24...
2024-12-02 02:51:52 - INFO - Processando p·gina 25...
2024-12-02 02:51:52 - INFO - Processando p·gina 26...
2024-12-02 02:51:52 - INFO - Processando p·gina 27...
2024-12-02 02:51:52 - INFO - Processando p·gina 28...
2024-12-02 02:51:52 - INFO - Processando p·gina 29...
2024-12-02 02:51:52 - INFO - Processando p·gina 30...
2024-12-02 02:51:53 - INFO - Processando p·gina 31...
2024-12-02 02:51:53 - INFO - Processando p·gina 32...
2024-12-02 02:51:53 - INFO - Processando p·gina 33...
2024-12-02 02:51:53 - INFO - Processando p·gina 34...
2024-12-02 02:51:53 - INFO - Processando p·gina 35...
2024-12-02 02:51:53 - INFO - Processando p·gina 36...
2024-12-02 02:51:54 - INFO - Processando p·gina 37...
2024-12-02 02:51:54 - INFO - Processando p·gina 38...
2024-12-02 02:51:54 - INFO - Processando p·gina 39...
2024-12-02 02:51:54 - INFO - Processando p·gina 40...
2024-12-02 02:51:54 - INFO - Processando p·gina 41...
2024-12-02 02:51:54 - INFO - Processando p·gina 42...
2024-12-02 02:51:55 - INFO - Processando p·gina 43...
2024-12-02 02:51:55 - INFO - Processando p·gina 44...
2024-12-02 02:51:55 - INFO - Processando p·gina 45...
2024-12-02 02:51:56 - INFO - Processando p·gina 46...
2024-12-02 02:51:56 - INFO - Processando p·gina 47...
2024-12-02 02:51:57 - INFO - Processando p·gina 48...
2024-12-02 02:51:57 - INFO - Processando p·gina 49...
2024-12-02 02:51:57 - INFO - Processando p·gina 50...
2024-12-02 02:51:57 - INFO - Processando p·gina 51...
2024-12-02 02:51:58 - INFO - Processando p·gina 52...
2024-12-02 02:51:58 - INFO - Processando p·gina 53...
2024-12-02 02:51:58 - INFO - Processando p·gina 54...
2024-12-02 02:51:59 - INFO - Processando p·gina 55...
2024-12-02 02:51:59 - INFO - Processando p·gina 56...
2024-12-02 02:51:59 - INFO - Processando p·gina 57...
2024-12-02 02:51:59 - INFO - Processando p·gina 58...
2024-12-02 02:52:00 - INFO - Processando p·gina 59...
2024-12-02 02:52:00 - INFO - Processando p·gina 60...
2024-12-02 02:52:00 - INFO - Processando p·gina 61...
2024-12-02 02:52:00 - INFO - Processando p·gina 62...
2024-12-02 02:52:01 - INFO - Processando p·gina 63...
2024-12-02 02:52:01 - INFO - Processando p·gina 64...
2024-12-02 02:52:01 - INFO - Processando p·gina 65...
2024-12-02 02:52:02 - INFO - Processando p·gina 66...
2024-12-02 02:52:02 - INFO - Processando p·gina 67...
2024-12-02 02:52:02 - INFO - Processando p·gina 68...
2024-12-02 02:52:02 - INFO - Processando p·gina 69...
2024-12-02 02:52:03 - INFO - Processando p·gina 70...
2024-12-02 02:52:03 - INFO - Processando p·gina 71...
2024-12-02 02:52:03 - INFO - Processando p·gina 72...
2024-12-02 02:52:04 - INFO - Processando p·gina 73...
2024-12-02 02:52:04 - INFO - Processando p·gina 74...
2024-12-02 02:52:05 - INFO - Processando p·gina 75...
2024-12-02 02:52:05 - INFO - Processando p·gina 76...
2024-12-02 02:52:05 - INFO - Processando p·gina 77...
2024-12-02 02:52:06 - INFO - Processando p·gina 78...
2024-12-02 02:52:07 - INFO - Processando p·gina 79...
2024-12-02 02:52:07 - INFO - Processando p·gina 80...
2024-12-02 02:52:07 - INFO - Processando p·gina 81...
2024-12-02 02:52:07 - INFO - Processando p·gina 82...
2024-12-02 02:52:08 - INFO - Processando p·gina 83...
2024-12-02 02:52:08 - INFO - Processando p·gina 84...
2024-12-02 02:52:08 - INFO - Processando p·gina 85...
2024-12-02 02:52:08 - INFO - Processando p·gina 86...
2024-12-02 02:52:08 - INFO - Processando p·gina 87...
2024-12-02 02:52:09 - INFO - Processando p·gina 88...
2024-12-02 02:52:09 - INFO - Processando p·gina 89...
2024-12-02 02:52:09 - INFO - Processando p·gina 90...
2024-12-02 02:52:09 - INFO - Processando p·gina 91...
2024-12-02 02:52:10 - INFO - Processando p·gina 92...
2024-12-02 02:52:10 - INFO - Processando p·gina 93...
2024-12-02 02:52:10 - INFO - Processando p·gina 94...
2024-12-02 02:52:11 - INFO - Processando p·gina 95...
2024-12-02 02:52:11 - INFO - Processando p·gina 96...
2024-12-02 02:52:12 - INFO - Processando p·gina 97...
2024-12-02 02:52:12 - INFO - Processando p·gina 98...
2024-12-02 02:52:13 - INFO - Processando p·gina 99...
2024-12-02 02:52:13 - INFO - Processando p·gina 100...
2024-12-02 02:52:14 - INFO - Processando p·gina 101...
2024-12-02 02:52:14 - INFO - Processando p·gina 102...
2024-12-02 02:52:15 - INFO - Processando p·gina 103...
2024-12-02 02:52:15 - INFO - Processando p·gina 104...
2024-12-02 02:52:16 - INFO - Processando p·gina 105...
2024-12-02 02:52:16 - INFO - Processando p·gina 106...
2024-12-02 02:52:17 - INFO - Processando p·gina 107...
2024-12-02 02:52:17 - INFO - Processando p·gina 108...
2024-12-02 02:52:18 - INFO - Processando p·gina 109...
2024-12-02 02:52:18 - INFO - Processando p·gina 110...
2024-12-02 02:52:18 - INFO - Processando p·gina 111...
2024-12-02 02:52:18 - INFO - Processando p·gina 112...
2024-12-02 02:52:19 - INFO - Processamento do PDF concluÌdo com sucesso.
2024-12-02 02:52:19 - INFO - Texto extraÌdo e salvo com sucesso no arquivo: output.txt
2024-12-02 02:52:19 - INFO - Iniciando processamento do texto.
2024-12-02 02:52:19 - INFO - N˙mero inicial de par·grafos extraÌdos: 4
2024-12-02 02:52:19 - INFO - Total de chunks criados: 4
2024-12-02 02:54:32 - INFO - Obtendo a URL direta do PDF: https://drive.google.com/file/d/13UhN1HXF5HUby5RSC4eYZaWHik0olsZc/view?usp=drive_link
2024-12-02 02:54:32 - INFO - Baixando PDF da URL: https://drive.google.com/uc?export=download&id=13UhN1HXF5HUby5RSC4eYZaWHik0olsZc
2024-12-02 02:54:36 - INFO - Tamanho do PDF: 5.94 MB
2024-12-02 02:54:36 - INFO - PDF aberto com sucesso. Total de p·ginas: 112
2024-12-02 02:54:36 - INFO - Processando p·gina 1...
2024-12-02 02:54:37 - INFO - Processando p·gina 2...
2024-12-02 02:54:37 - INFO - Processando p·gina 3...
2024-12-02 02:54:37 - INFO - Processando p·gina 4...
2024-12-02 02:54:37 - INFO - Processando p·gina 5...
2024-12-02 02:54:38 - INFO - Processando p·gina 6...
2024-12-02 02:54:38 - INFO - Processando p·gina 7...
2024-12-02 02:54:38 - INFO - Processando p·gina 8...
2024-12-02 02:54:38 - INFO - Processando p·gina 9...
2024-12-02 02:54:38 - INFO - Processando p·gina 10...
2024-12-02 02:54:38 - INFO - Processando p·gina 11...
2024-12-02 02:54:38 - INFO - Processando p·gina 12...
2024-12-02 02:54:38 - INFO - Processando p·gina 13...
2024-12-02 02:54:39 - INFO - Processando p·gina 14...
2024-12-02 02:54:39 - INFO - Processando p·gina 15...
2024-12-02 02:54:39 - INFO - Processando p·gina 16...
2024-12-02 02:54:39 - INFO - Processando p·gina 17...
2024-12-02 02:54:39 - INFO - Processando p·gina 18...
2024-12-02 02:54:40 - INFO - Processando p·gina 19...
2024-12-02 02:54:40 - INFO - Processando p·gina 20...
2024-12-02 02:54:40 - INFO - Processando p·gina 21...
2024-12-02 02:54:41 - INFO - Processando p·gina 22...
2024-12-02 02:54:41 - INFO - Processando p·gina 23...
2024-12-02 02:54:41 - INFO - Processando p·gina 24...
2024-12-02 02:54:41 - INFO - Processando p·gina 25...
2024-12-02 02:54:41 - INFO - Processando p·gina 26...
2024-12-02 02:54:42 - INFO - Processando p·gina 27...
2024-12-02 02:54:42 - INFO - Processando p·gina 28...
2024-12-02 02:54:42 - INFO - Processando p·gina 29...
2024-12-02 02:54:42 - INFO - Processando p·gina 30...
2024-12-02 02:54:42 - INFO - Processando p·gina 31...
2024-12-02 02:54:42 - INFO - Processando p·gina 32...
2024-12-02 02:54:42 - INFO - Processando p·gina 33...
2024-12-02 02:54:43 - INFO - Processando p·gina 34...
2024-12-02 02:54:43 - INFO - Processando p·gina 35...
2024-12-02 02:54:43 - INFO - Processando p·gina 36...
2024-12-02 02:54:43 - INFO - Processando p·gina 37...
2024-12-02 02:54:43 - INFO - Processando p·gina 38...
2024-12-02 02:54:43 - INFO - Processando p·gina 39...
2024-12-02 02:54:44 - INFO - Processando p·gina 40...
2024-12-02 02:54:44 - INFO - Processando p·gina 41...
2024-12-02 02:54:44 - INFO - Processando p·gina 42...
2024-12-02 02:54:44 - INFO - Processando p·gina 43...
2024-12-02 02:54:45 - INFO - Processando p·gina 44...
2024-12-02 02:54:45 - INFO - Processando p·gina 45...
2024-12-02 02:54:45 - INFO - Processando p·gina 46...
2024-12-02 02:54:46 - INFO - Processando p·gina 47...
2024-12-02 02:54:46 - INFO - Processando p·gina 48...
2024-12-02 02:54:46 - INFO - Processando p·gina 49...
2024-12-02 02:54:47 - INFO - Processando p·gina 50...
2024-12-02 02:54:47 - INFO - Processando p·gina 51...
2024-12-02 02:54:47 - INFO - Processando p·gina 52...
2024-12-02 02:54:47 - INFO - Processando p·gina 53...
2024-12-02 02:54:48 - INFO - Processando p·gina 54...
2024-12-02 02:54:48 - INFO - Processando p·gina 55...
2024-12-02 02:54:48 - INFO - Processando p·gina 56...
2024-12-02 02:54:49 - INFO - Processando p·gina 57...
2024-12-02 02:54:49 - INFO - Processando p·gina 58...
2024-12-02 02:54:49 - INFO - Processando p·gina 59...
2024-12-02 02:54:49 - INFO - Processando p·gina 60...
2024-12-02 02:54:50 - INFO - Processando p·gina 61...
2024-12-02 02:54:50 - INFO - Processando p·gina 62...
2024-12-02 02:54:50 - INFO - Processando p·gina 63...
2024-12-02 02:54:51 - INFO - Processando p·gina 64...
2024-12-02 02:54:51 - INFO - Processando p·gina 65...
2024-12-02 02:54:51 - INFO - Processando p·gina 66...
2024-12-02 02:54:51 - INFO - Processando p·gina 67...
2024-12-02 02:54:52 - INFO - Processando p·gina 68...
2024-12-02 02:54:52 - INFO - Processando p·gina 69...
2024-12-02 02:54:52 - INFO - Processando p·gina 70...
2024-12-02 02:54:53 - INFO - Processando p·gina 71...
2024-12-02 02:54:53 - INFO - Processando p·gina 72...
2024-12-02 02:54:53 - INFO - Processando p·gina 73...
2024-12-02 02:54:54 - INFO - Processando p·gina 74...
2024-12-02 02:54:54 - INFO - Processando p·gina 75...
2024-12-02 02:54:55 - INFO - Processando p·gina 76...
2024-12-02 02:54:55 - INFO - Processando p·gina 77...
2024-12-02 02:54:56 - INFO - Processando p·gina 78...
2024-12-02 02:54:56 - INFO - Processando p·gina 79...
2024-12-02 02:54:57 - INFO - Processando p·gina 80...
2024-12-02 02:54:57 - INFO - Processando p·gina 81...
2024-12-02 02:54:57 - INFO - Processando p·gina 82...
2024-12-02 02:54:57 - INFO - Processando p·gina 83...
2024-12-02 02:54:58 - INFO - Processando p·gina 84...
2024-12-02 02:54:58 - INFO - Processando p·gina 85...
2024-12-02 02:54:58 - INFO - Processando p·gina 86...
2024-12-02 02:54:58 - INFO - Processando p·gina 87...
2024-12-02 02:54:59 - INFO - Processando p·gina 88...
2024-12-02 02:54:59 - INFO - Processando p·gina 89...
2024-12-02 02:54:59 - INFO - Processando p·gina 90...
2024-12-02 02:54:59 - INFO - Processando p·gina 91...
2024-12-02 02:55:00 - INFO - Processando p·gina 92...
2024-12-02 02:55:00 - INFO - Processando p·gina 93...
2024-12-02 02:55:00 - INFO - Processando p·gina 94...
2024-12-02 02:55:01 - INFO - Processando p·gina 95...
2024-12-02 02:55:01 - INFO - Processando p·gina 96...
2024-12-02 02:55:02 - INFO - Processando p·gina 97...
2024-12-02 02:55:02 - INFO - Processando p·gina 98...
2024-12-02 02:55:03 - INFO - Processando p·gina 99...
2024-12-02 02:55:03 - INFO - Processando p·gina 100...
2024-12-02 02:55:04 - INFO - Processando p·gina 101...
2024-12-02 02:55:04 - INFO - Processando p·gina 102...
2024-12-02 02:55:05 - INFO - Processando p·gina 103...
2024-12-02 02:55:05 - INFO - Processando p·gina 104...
2024-12-02 02:55:06 - INFO - Processando p·gina 105...
2024-12-02 02:55:06 - INFO - Processando p·gina 106...
2024-12-02 02:55:07 - INFO - Processando p·gina 107...
2024-12-02 02:55:07 - INFO - Processando p·gina 108...
2024-12-02 02:55:08 - INFO - Processando p·gina 109...
2024-12-02 02:55:08 - INFO - Processando p·gina 110...
2024-12-02 02:55:08 - INFO - Processando p·gina 111...
2024-12-02 02:55:08 - INFO - Processando p·gina 112...
2024-12-02 02:55:09 - INFO - Processamento do PDF concluÌdo com sucesso.
2024-12-02 02:55:09 - INFO - Texto extraÌdo e salvo com sucesso no arquivo: output.txt
2024-12-02 02:55:09 - INFO - Iniciando processamento do texto.
2024-12-02 02:55:09 - INFO - N˙mero inicial de par·grafos extraÌdos: 1327
2024-12-02 02:55:09 - INFO - Total de chunks criados: 1213
2024-12-02 04:19:54 - INFO - Obtendo a URL direta do PDF: https://drive.google.com/file/d/13UhN1HXF5HUby5RSC4eYZaWHik0olsZc/view?usp=drive_link
2024-12-02 04:19:54 - INFO - Baixando PDF da URL: https://drive.google.com/uc?export=download&id=13UhN1HXF5HUby5RSC4eYZaWHik0olsZc
2024-12-02 04:19:58 - INFO - Tamanho do PDF: 5.94 MB
2024-12-02 04:19:58 - INFO - PDF aberto com sucesso. Total de p·ginas: 112
2024-12-02 04:19:58 - INFO - Processando p·gina 1...
2024-12-02 04:19:58 - INFO - Processando p·gina 2...
2024-12-02 04:19:58 - INFO - Processando p·gina 3...
2024-12-02 04:19:58 - INFO - Processando p·gina 4...
2024-12-02 04:19:58 - INFO - Processando p·gina 5...
2024-12-02 04:19:59 - INFO - Processando p·gina 6...
2024-12-02 04:19:59 - INFO - Processando p·gina 7...
2024-12-02 04:20:00 - INFO - Processando p·gina 8...
2024-12-02 04:20:00 - INFO - Processando p·gina 9...
2024-12-02 04:20:00 - INFO - Processando p·gina 10...
2024-12-02 04:20:00 - INFO - Processando p·gina 11...
2024-12-02 04:20:00 - INFO - Processando p·gina 12...
2024-12-02 04:20:00 - INFO - Processando p·gina 13...
2024-12-02 04:20:00 - INFO - Processando p·gina 14...
2024-12-02 04:20:00 - INFO - Processando p·gina 15...
2024-12-02 04:20:01 - INFO - Processando p·gina 16...
2024-12-02 04:20:01 - INFO - Processando p·gina 17...
2024-12-02 04:20:01 - INFO - Processando p·gina 18...
2024-12-02 04:20:01 - INFO - Processando p·gina 19...
2024-12-02 04:20:02 - INFO - Processando p·gina 20...
2024-12-02 04:20:02 - INFO - Processando p·gina 21...
2024-12-02 04:20:02 - INFO - Processando p·gina 22...
2024-12-02 04:20:02 - INFO - Processando p·gina 23...
2024-12-02 04:20:03 - INFO - Processando p·gina 24...
2024-12-02 04:20:03 - INFO - Processando p·gina 25...
2024-12-02 04:20:03 - INFO - Processando p·gina 26...
2024-12-02 04:20:03 - INFO - Processando p·gina 27...
2024-12-02 04:20:03 - INFO - Processando p·gina 28...
2024-12-02 04:20:03 - INFO - Processando p·gina 29...
2024-12-02 04:20:04 - INFO - Processando p·gina 30...
2024-12-02 04:20:04 - INFO - Processando p·gina 31...
2024-12-02 04:20:04 - INFO - Processando p·gina 32...
2024-12-02 04:20:04 - INFO - Processando p·gina 33...
2024-12-02 04:20:04 - INFO - Processando p·gina 34...
2024-12-02 04:20:04 - INFO - Processando p·gina 35...
2024-12-02 04:20:05 - INFO - Processando p·gina 36...
2024-12-02 04:20:05 - INFO - Processando p·gina 37...
2024-12-02 04:20:05 - INFO - Processando p·gina 38...
2024-12-02 04:20:05 - INFO - Processando p·gina 39...
2024-12-02 04:20:05 - INFO - Processando p·gina 40...
2024-12-02 04:20:06 - INFO - Processando p·gina 41...
2024-12-02 04:20:06 - INFO - Processando p·gina 42...
2024-12-02 04:20:06 - INFO - Processando p·gina 43...
2024-12-02 04:20:06 - INFO - Processando p·gina 44...
2024-12-02 04:20:07 - INFO - Processando p·gina 45...
2024-12-02 04:20:07 - INFO - Processando p·gina 46...
2024-12-02 04:20:07 - INFO - Processando p·gina 47...
2024-12-02 04:20:08 - INFO - Processando p·gina 48...
2024-12-02 04:20:08 - INFO - Processando p·gina 49...
2024-12-02 04:20:08 - INFO - Processando p·gina 50...
2024-12-02 04:20:09 - INFO - Processando p·gina 51...
2024-12-02 04:20:09 - INFO - Processando p·gina 52...
2024-12-02 04:20:09 - INFO - Processando p·gina 53...
2024-12-02 04:20:10 - INFO - Processando p·gina 54...
2024-12-02 04:20:10 - INFO - Processando p·gina 55...
2024-12-02 04:20:10 - INFO - Processando p·gina 56...
2024-12-02 04:20:10 - INFO - Processando p·gina 57...
2024-12-02 04:20:11 - INFO - Processando p·gina 58...
2024-12-02 04:20:11 - INFO - Processando p·gina 59...
2024-12-02 04:20:11 - INFO - Processando p·gina 60...
2024-12-02 04:20:11 - INFO - Processando p·gina 61...
2024-12-02 04:20:12 - INFO - Processando p·gina 62...
2024-12-02 04:20:12 - INFO - Processando p·gina 63...
2024-12-02 04:20:12 - INFO - Processando p·gina 64...
2024-12-02 04:20:13 - INFO - Processando p·gina 65...
2024-12-02 04:20:13 - INFO - Processando p·gina 66...
2024-12-02 04:20:13 - INFO - Processando p·gina 67...
2024-12-02 04:20:13 - INFO - Processando p·gina 68...
2024-12-02 04:20:14 - INFO - Processando p·gina 69...
2024-12-02 04:20:14 - INFO - Processando p·gina 70...
2024-12-02 04:20:14 - INFO - Processando p·gina 71...
2024-12-02 04:20:15 - INFO - Processando p·gina 72...
2024-12-02 04:20:15 - INFO - Processando p·gina 73...
2024-12-02 04:20:16 - INFO - Processando p·gina 74...
2024-12-02 04:20:16 - INFO - Processando p·gina 75...
2024-12-02 04:20:16 - INFO - Processando p·gina 76...
2024-12-02 04:20:17 - INFO - Processando p·gina 77...
2024-12-02 04:20:17 - INFO - Processando p·gina 78...
2024-12-02 04:20:18 - INFO - Processando p·gina 79...
2024-12-02 04:20:18 - INFO - Processando p·gina 80...
2024-12-02 04:20:18 - INFO - Processando p·gina 81...
2024-12-02 04:20:19 - INFO - Processando p·gina 82...
2024-12-02 04:20:19 - INFO - Processando p·gina 83...
2024-12-02 04:20:19 - INFO - Processando p·gina 84...
2024-12-02 04:20:19 - INFO - Processando p·gina 85...
2024-12-02 04:20:20 - INFO - Processando p·gina 86...
2024-12-02 04:20:20 - INFO - Processando p·gina 87...
2024-12-02 04:20:20 - INFO - Processando p·gina 88...
2024-12-02 04:20:20 - INFO - Processando p·gina 89...
2024-12-02 04:20:20 - INFO - Processando p·gina 90...
2024-12-02 04:20:21 - INFO - Processando p·gina 91...
2024-12-02 04:20:21 - INFO - Processando p·gina 92...
2024-12-02 04:20:21 - INFO - Processando p·gina 93...
2024-12-02 04:20:22 - INFO - Processando p·gina 94...
2024-12-02 04:20:22 - INFO - Processando p·gina 95...
2024-12-02 04:20:22 - INFO - Processando p·gina 96...
2024-12-02 04:20:23 - INFO - Processando p·gina 97...
2024-12-02 04:20:24 - INFO - Processando p·gina 98...
2024-12-02 04:20:24 - INFO - Processando p·gina 99...
2024-12-02 04:20:25 - INFO - Processando p·gina 100...
2024-12-02 04:20:25 - INFO - Processando p·gina 101...
2024-12-02 04:20:25 - INFO - Processando p·gina 102...
2024-12-02 04:20:26 - INFO - Processando p·gina 103...
2024-12-02 04:20:27 - INFO - Processando p·gina 104...
2024-12-02 04:20:27 - INFO - Processando p·gina 105...
2024-12-02 04:20:28 - INFO - Processando p·gina 106...
2024-12-02 04:20:28 - INFO - Processando p·gina 107...
2024-12-02 04:20:28 - INFO - Processando p·gina 108...
2024-12-02 04:20:29 - INFO - Processando p·gina 109...
2024-12-02 04:20:29 - INFO - Processando p·gina 110...
2024-12-02 04:20:29 - INFO - Processando p·gina 111...
2024-12-02 04:20:29 - INFO - Processando p·gina 112...
2024-12-02 04:20:30 - INFO - Processamento do PDF concluÌdo com sucesso.
2024-12-02 04:20:30 - INFO - Texto extraÌdo e salvo com sucesso no arquivo: output.txt
2024-12-02 04:20:30 - INFO - Iniciando processamento do texto.
2024-12-02 04:20:30 - INFO - N˙mero inicial de par·grafos extraÌdos: 987
2024-12-02 04:20:30 - INFO - Total de chunks criados: 986
2024-12-02 04:28:27 - INFO - Obtendo a URL direta do PDF: https://drive.google.com/file/d/13UhN1HXF5HUby5RSC4eYZaWHik0olsZc/view?usp=drive_link
2024-12-02 04:28:27 - INFO - Baixando PDF da URL: https://drive.google.com/uc?export=download&id=13UhN1HXF5HUby5RSC4eYZaWHik0olsZc
2024-12-02 04:28:31 - INFO - Tamanho do PDF: 5.94 MB
2024-12-02 04:28:31 - INFO - PDF aberto com sucesso. Total de p·ginas: 112
2024-12-02 04:28:31 - INFO - Processando p·gina 1...
2024-12-02 04:28:32 - INFO - Processando p·gina 2...
2024-12-02 04:28:32 - INFO - Processando p·gina 3...
2024-12-02 04:28:32 - INFO - Processando p·gina 4...
2024-12-02 04:28:32 - INFO - Processando p·gina 5...
2024-12-02 04:28:33 - INFO - Processando p·gina 6...
2024-12-02 04:28:33 - INFO - Processando p·gina 7...
2024-12-02 04:28:33 - INFO - Processando p·gina 8...
2024-12-02 04:28:33 - INFO - Processando p·gina 9...
2024-12-02 04:28:33 - INFO - Processando p·gina 10...
2024-12-02 04:28:33 - INFO - Processando p·gina 11...
2024-12-02 04:28:33 - INFO - Processando p·gina 12...
2024-12-02 04:28:33 - INFO - Processando p·gina 13...
2024-12-02 04:28:34 - INFO - Processando p·gina 14...
2024-12-02 04:28:34 - INFO - Processando p·gina 15...
2024-12-02 04:28:34 - INFO - Processando p·gina 16...
2024-12-02 04:28:34 - INFO - Processando p·gina 17...
2024-12-02 04:28:34 - INFO - Processando p·gina 18...
2024-12-02 04:28:35 - INFO - Processando p·gina 19...
2024-12-02 04:28:35 - INFO - Processando p·gina 20...
2024-12-02 04:28:35 - INFO - Processando p·gina 21...
2024-12-02 04:28:36 - INFO - Processando p·gina 22...
2024-12-02 04:28:36 - INFO - Processando p·gina 23...
2024-12-02 04:28:36 - INFO - Processando p·gina 24...
2024-12-02 04:28:36 - INFO - Processando p·gina 25...
2024-12-02 04:28:36 - INFO - Processando p·gina 26...
2024-12-02 04:28:36 - INFO - Processando p·gina 27...
2024-12-02 04:28:37 - INFO - Processando p·gina 28...
2024-12-02 04:28:37 - INFO - Processando p·gina 29...
2024-12-02 04:28:37 - INFO - Processando p·gina 30...
2024-12-02 04:28:37 - INFO - Processando p·gina 31...
2024-12-02 04:28:37 - INFO - Processando p·gina 32...
2024-12-02 04:28:37 - INFO - Processando p·gina 33...
2024-12-02 04:28:38 - INFO - Processando p·gina 34...
2024-12-02 04:28:38 - INFO - Processando p·gina 35...
2024-12-02 04:28:38 - INFO - Processando p·gina 36...
2024-12-02 04:28:38 - INFO - Processando p·gina 37...
2024-12-02 04:28:38 - INFO - Processando p·gina 38...
2024-12-02 04:28:38 - INFO - Processando p·gina 39...
2024-12-02 04:28:39 - INFO - Processando p·gina 40...
2024-12-02 04:28:39 - INFO - Processando p·gina 41...
2024-12-02 04:28:39 - INFO - Processando p·gina 42...
2024-12-02 04:28:39 - INFO - Processando p·gina 43...
2024-12-02 04:28:40 - INFO - Processando p·gina 44...
2024-12-02 04:28:40 - INFO - Processando p·gina 45...
2024-12-02 04:28:41 - INFO - Processando p·gina 46...
2024-12-02 04:28:41 - INFO - Processando p·gina 47...
2024-12-02 04:28:41 - INFO - Processando p·gina 48...
2024-12-02 04:28:41 - INFO - Processando p·gina 49...
2024-12-02 04:28:42 - INFO - Processando p·gina 50...
2024-12-02 04:28:42 - INFO - Processando p·gina 51...
2024-12-02 04:28:42 - INFO - Processando p·gina 52...
2024-12-02 04:28:43 - INFO - Processando p·gina 53...
2024-12-02 04:28:43 - INFO - Processando p·gina 54...
2024-12-02 04:28:43 - INFO - Processando p·gina 55...
2024-12-02 04:28:43 - INFO - Processando p·gina 56...
2024-12-02 04:28:44 - INFO - Processando p·gina 57...
2024-12-02 04:28:44 - INFO - Processando p·gina 58...
2024-12-02 04:28:44 - INFO - Processando p·gina 59...
2024-12-02 04:28:45 - INFO - Processando p·gina 60...
2024-12-02 04:28:45 - INFO - Processando p·gina 61...
2024-12-02 04:28:45 - INFO - Processando p·gina 62...
2024-12-02 04:28:45 - INFO - Processando p·gina 63...
2024-12-02 04:28:46 - INFO - Processando p·gina 64...
2024-12-02 04:28:46 - INFO - Processando p·gina 65...
2024-12-02 04:28:46 - INFO - Processando p·gina 66...
2024-12-02 04:28:46 - INFO - Processando p·gina 67...
2024-12-02 04:28:47 - INFO - Processando p·gina 68...
2024-12-02 04:28:47 - INFO - Processando p·gina 69...
2024-12-02 04:28:47 - INFO - Processando p·gina 70...
2024-12-02 04:28:48 - INFO - Processando p·gina 71...
2024-12-02 04:28:48 - INFO - Processando p·gina 72...
2024-12-02 04:28:48 - INFO - Processando p·gina 73...
2024-12-02 04:28:49 - INFO - Processando p·gina 74...
2024-12-02 04:28:50 - INFO - Processando p·gina 75...
2024-12-02 04:28:50 - INFO - Processando p·gina 76...
2024-12-02 04:28:50 - INFO - Processando p·gina 77...
2024-12-02 04:28:51 - INFO - Processando p·gina 78...
2024-12-02 04:28:51 - INFO - Processando p·gina 79...
2024-12-02 04:28:52 - INFO - Processando p·gina 80...
2024-12-02 04:28:52 - INFO - Processando p·gina 81...
2024-12-02 04:28:52 - INFO - Processando p·gina 82...
2024-12-02 04:28:53 - INFO - Processando p·gina 83...
2024-12-02 04:28:53 - INFO - Processando p·gina 84...
2024-12-02 04:28:53 - INFO - Processando p·gina 85...
2024-12-02 04:28:54 - INFO - Processando p·gina 86...
2024-12-02 04:28:54 - INFO - Processando p·gina 87...
2024-12-02 04:28:54 - INFO - Processando p·gina 88...
2024-12-02 04:28:54 - INFO - Processando p·gina 89...
2024-12-02 04:28:54 - INFO - Processando p·gina 90...
2024-12-02 04:28:55 - INFO - Processando p·gina 91...
2024-12-02 04:28:55 - INFO - Processando p·gina 92...
2024-12-02 04:28:56 - INFO - Processando p·gina 93...
2024-12-02 04:28:56 - INFO - Processando p·gina 94...
2024-12-02 04:28:57 - INFO - Processando p·gina 95...
2024-12-02 04:28:57 - INFO - Processando p·gina 96...
2024-12-02 04:28:58 - INFO - Processando p·gina 97...
2024-12-02 04:28:59 - INFO - Processando p·gina 98...
2024-12-02 04:29:00 - INFO - Processando p·gina 99...
2024-12-02 04:29:00 - INFO - Processando p·gina 100...
2024-12-02 04:29:01 - INFO - Processando p·gina 101...
2024-12-02 04:29:01 - INFO - Processando p·gina 102...
2024-12-02 04:29:02 - INFO - Processando p·gina 103...
2024-12-02 04:29:02 - INFO - Processando p·gina 104...
2024-12-02 04:29:03 - INFO - Processando p·gina 105...
2024-12-02 04:29:04 - INFO - Processando p·gina 106...
2024-12-02 04:29:04 - INFO - Processando p·gina 107...
2024-12-02 04:29:05 - INFO - Processando p·gina 108...
2024-12-02 04:29:05 - INFO - Processando p·gina 109...
2024-12-02 04:29:05 - INFO - Processando p·gina 110...
2024-12-02 04:29:06 - INFO - Processando p·gina 111...
2024-12-02 04:29:06 - INFO - Processando p·gina 112...
2024-12-02 04:29:06 - INFO - Processamento do PDF concluÌdo com sucesso.
2024-12-02 04:29:06 - INFO - Texto extraÌdo e salvo com sucesso no arquivo: output.txt
2024-12-02 04:29:06 - INFO - Iniciando processamento do texto.
2024-12-02 04:29:06 - INFO - N˙mero inicial de par·grafos extraÌdos: 987
2024-12-02 04:29:06 - INFO - Total de chunks criados: 986
2024-12-03 20:45:37 - INFO - Obtendo a URL direta do PDF: https://drive.google.com/file/d/13UhN1HXF5HUby5RSC4eYZaWHik0olsZc/view?usp=drive_link
2024-12-03 20:45:37 - INFO - Baixando PDF da URL: https://drive.google.com/uc?export=download&id=13UhN1HXF5HUby5RSC4eYZaWHik0olsZc
2024-12-03 20:45:44 - INFO - Tamanho do PDF: 5.94 MB
2024-12-03 20:45:44 - INFO - PDF aberto com sucesso. Total de p√°ginas: 112
2024-12-03 20:45:44 - INFO - Processando p√°gina 1...
2024-12-03 20:45:44 - INFO - Processando p√°gina 2...
2024-12-03 20:45:44 - INFO - Processando p√°gina 3...
2024-12-03 20:45:44 - INFO - Processando p√°gina 4...
2024-12-03 20:45:44 - INFO - Processando p√°gina 5...
2024-12-03 20:45:44 - INFO - Processando p√°gina 6...
2024-12-03 20:45:44 - INFO - Processando p√°gina 7...
2024-12-03 20:45:44 - INFO - Processando p√°gina 8...
2024-12-03 20:45:44 - INFO - Processando p√°gina 9...
2024-12-03 20:45:44 - INFO - Processando p√°gina 10...
2024-12-03 20:45:45 - INFO - Processando p√°gina 11...
2024-12-03 20:45:45 - INFO - Processando p√°gina 12...
2024-12-03 20:45:45 - INFO - Processando p√°gina 13...
2024-12-03 20:45:45 - INFO - Processando p√°gina 14...
2024-12-03 20:45:45 - INFO - Processando p√°gina 15...
2024-12-03 20:45:45 - INFO - Processando p√°gina 16...
2024-12-03 20:45:45 - INFO - Processando p√°gina 17...
2024-12-03 20:45:45 - INFO - Processando p√°gina 18...
2024-12-03 20:45:45 - INFO - Processando p√°gina 19...
2024-12-03 20:45:45 - INFO - Processando p√°gina 20...
2024-12-03 20:45:46 - INFO - Processando p√°gina 21...
2024-12-03 20:45:46 - INFO - Processando p√°gina 22...
2024-12-03 20:45:46 - INFO - Processando p√°gina 23...
2024-12-03 20:45:46 - INFO - Processando p√°gina 24...
2024-12-03 20:45:46 - INFO - Processando p√°gina 25...
2024-12-03 20:45:46 - INFO - Processando p√°gina 26...
2024-12-03 20:45:46 - INFO - Processando p√°gina 27...
2024-12-03 20:45:46 - INFO - Processando p√°gina 28...
2024-12-03 20:45:46 - INFO - Processando p√°gina 29...
2024-12-03 20:45:46 - INFO - Processando p√°gina 30...
2024-12-03 20:45:46 - INFO - Processando p√°gina 31...
2024-12-03 20:45:47 - INFO - Processando p√°gina 32...
2024-12-03 20:45:47 - INFO - Processando p√°gina 33...
2024-12-03 20:45:47 - INFO - Processando p√°gina 34...
2024-12-03 20:45:47 - INFO - Processando p√°gina 35...
2024-12-03 20:45:47 - INFO - Processando p√°gina 36...
2024-12-03 20:45:47 - INFO - Processando p√°gina 37...
2024-12-03 20:45:47 - INFO - Processando p√°gina 38...
2024-12-03 20:45:47 - INFO - Processando p√°gina 39...
2024-12-03 20:45:47 - INFO - Processando p√°gina 40...
2024-12-03 20:45:47 - INFO - Processando p√°gina 41...
2024-12-03 20:45:48 - INFO - Processando p√°gina 42...
2024-12-03 20:45:48 - INFO - Processando p√°gina 43...
2024-12-03 20:45:48 - INFO - Processando p√°gina 44...
2024-12-03 20:45:48 - INFO - Processando p√°gina 45...
2024-12-03 20:45:48 - INFO - Processando p√°gina 46...
2024-12-03 20:45:48 - INFO - Processando p√°gina 47...
2024-12-03 20:45:48 - INFO - Processando p√°gina 48...
2024-12-03 20:45:49 - INFO - Processando p√°gina 49...
2024-12-03 20:45:49 - INFO - Processando p√°gina 50...
2024-12-03 20:45:49 - INFO - Processando p√°gina 51...
2024-12-03 20:45:49 - INFO - Processando p√°gina 52...
2024-12-03 20:45:49 - INFO - Processando p√°gina 53...
2024-12-03 20:45:49 - INFO - Processando p√°gina 54...
2024-12-03 20:45:50 - INFO - Processando p√°gina 55...
2024-12-03 20:45:50 - INFO - Processando p√°gina 56...
2024-12-03 20:45:50 - INFO - Processando p√°gina 57...
2024-12-03 20:45:50 - INFO - Processando p√°gina 58...
2024-12-03 20:45:50 - INFO - Processando p√°gina 59...
2024-12-03 20:45:50 - INFO - Processando p√°gina 60...
2024-12-03 20:45:50 - INFO - Processando p√°gina 61...
2024-12-03 20:45:51 - INFO - Processando p√°gina 62...
2024-12-03 20:45:51 - INFO - Processando p√°gina 63...
2024-12-03 20:45:51 - INFO - Processando p√°gina 64...
2024-12-03 20:45:51 - INFO - Processando p√°gina 65...
2024-12-03 20:45:51 - INFO - Processando p√°gina 66...
2024-12-03 20:45:51 - INFO - Processando p√°gina 67...
2024-12-03 20:45:51 - INFO - Processando p√°gina 68...
2024-12-03 20:45:52 - INFO - Processando p√°gina 69...
2024-12-03 20:45:52 - INFO - Processando p√°gina 70...
2024-12-03 20:45:52 - INFO - Processando p√°gina 71...
2024-12-03 20:45:52 - INFO - Processando p√°gina 72...
2024-12-03 20:45:52 - INFO - Processando p√°gina 73...
2024-12-03 20:45:53 - INFO - Processando p√°gina 74...
2024-12-03 20:45:53 - INFO - Processando p√°gina 75...
2024-12-03 20:45:53 - INFO - Processando p√°gina 76...
2024-12-03 20:45:53 - INFO - Processando p√°gina 77...
2024-12-03 20:45:53 - INFO - Processando p√°gina 78...
2024-12-03 20:45:54 - INFO - Processando p√°gina 79...
2024-12-03 20:45:54 - INFO - Processando p√°gina 80...
2024-12-03 20:45:54 - INFO - Processando p√°gina 81...
2024-12-03 20:45:54 - INFO - Processando p√°gina 82...
2024-12-03 20:45:54 - INFO - Processando p√°gina 83...
2024-12-03 20:45:54 - INFO - Processando p√°gina 84...
2024-12-03 20:45:55 - INFO - Processando p√°gina 85...
2024-12-03 20:45:55 - INFO - Processando p√°gina 86...
2024-12-03 20:45:55 - INFO - Processando p√°gina 87...
2024-12-03 20:45:55 - INFO - Processando p√°gina 88...
2024-12-03 20:45:55 - INFO - Processando p√°gina 89...
2024-12-03 20:45:55 - INFO - Processando p√°gina 90...
2024-12-03 20:45:55 - INFO - Processando p√°gina 91...
2024-12-03 20:45:56 - INFO - Processando p√°gina 92...
2024-12-03 20:45:56 - INFO - Processando p√°gina 93...
2024-12-03 20:45:56 - INFO - Processando p√°gina 94...
2024-12-03 20:45:56 - INFO - Processando p√°gina 95...
2024-12-03 20:45:56 - INFO - Processando p√°gina 96...
2024-12-03 20:45:57 - INFO - Processando p√°gina 97...
2024-12-03 20:45:57 - INFO - Processando p√°gina 98...
2024-12-03 20:45:57 - INFO - Processando p√°gina 99...
2024-12-03 20:45:57 - INFO - Processando p√°gina 100...
2024-12-03 20:45:58 - INFO - Processando p√°gina 101...
2024-12-03 20:45:58 - INFO - Processando p√°gina 102...
2024-12-03 20:45:58 - INFO - Processando p√°gina 103...
2024-12-03 20:45:58 - INFO - Processando p√°gina 104...
2024-12-03 20:45:59 - INFO - Processando p√°gina 105...
2024-12-03 20:45:59 - INFO - Processando p√°gina 106...
2024-12-03 20:45:59 - INFO - Processando p√°gina 107...
2024-12-03 20:45:59 - INFO - Processando p√°gina 108...
2024-12-03 20:45:59 - INFO - Processando p√°gina 109...
2024-12-03 20:46:00 - INFO - Processando p√°gina 110...
2024-12-03 20:46:00 - INFO - Processando p√°gina 111...
2024-12-03 20:46:00 - INFO - Processando p√°gina 112...
2024-12-03 20:46:00 - INFO - Processamento do PDF conclu√≠do com sucesso.
2024-12-03 20:46:00 - INFO - Texto extra√≠do e salvo com sucesso no arquivo: output.txt
2024-12-03 20:46:00 - INFO - Iniciando processamento do texto.
2024-12-03 20:46:00 - INFO - N√∫mero inicial de par√°grafos extra√≠dos: 987
2024-12-03 20:46:00 - INFO - Total de chunks criados: 986
